[debug] [2021-11-18T04:55:54.280Z] ----------------------------------------------------------------------
[debug] [2021-11-18T04:55:54.283Z] Command:       /usr/local/Cellar/node/17.0.1/bin/node /usr/local/bin/firebase init hosting
[debug] [2021-11-18T04:55:54.283Z] CLI Version:   9.21.0
[debug] [2021-11-18T04:55:54.283Z] Platform:      darwin
[debug] [2021-11-18T04:55:54.283Z] Node Version:  v17.0.1
[debug] [2021-11-18T04:55:54.285Z] Time:          Thu Nov 18 2021 11:55:54 GMT+0700 (Western Indonesia Time)
[debug] [2021-11-18T04:55:54.285Z] ----------------------------------------------------------------------
[debug] 
[debug] [2021-11-18T04:55:54.288Z] >>> [apiv2][query] GET https://firebase-public.firebaseio.com/cli.json [none]
[debug] [2021-11-18T04:55:54.390Z] > command requires scopes: ["email","openid","https://www.googleapis.com/auth/cloudplatformprojects.readonly","https://www.googleapis.com/auth/firebase","https://www.googleapis.com/auth/cloud-platform"]
[debug] [2021-11-18T04:55:54.391Z] > authorizing via signed-in user (numusai@gmail.com)
[info] 
     ######## #### ########  ######## ########     ###     ######  ########
     ##        ##  ##     ## ##       ##     ##  ##   ##  ##       ##
     ######    ##  ########  ######   ########  #########  ######  ######
     ##        ##  ##    ##  ##       ##     ## ##     ##       ## ##
     ##       #### ##     ## ######## ########  ##     ##  ######  ########

You're about to initialize a Firebase project in this directory:

  /Users/mochamads/hacktiv8/p2/p2-iproject-client

Before we get started, keep in mind:

  * You are initializing within an existing Firebase project directory

[info] 
=== Project Setup
[info] 
[info] First, let's associate this project directory with a Firebase project.
[info] You can create multiple project aliases by running firebase use --add, 
[info] but for now we'll just set up a default project.
[info] 
[info] i  .firebaserc already has a default project, using iproject-msm. 
[debug] [2021-11-18T04:55:54.417Z] > refreshing access token with scopes: []
[debug] [2021-11-18T04:55:54.418Z] >>> HTTP REQUEST POST https://www.googleapis.com/oauth2/v3/token  
 <request body omitted>
[debug] [2021-11-18T04:55:54.546Z] <<< HTTP RESPONSE 200 {"date":"Thu, 18 Nov 2021 04:55:54 GMT","pragma":"no-cache","expires":"Mon, 01 Jan 1990 00:00:00 GMT","cache-control":"no-cache, no-store, max-age=0, must-revalidate","content-type":"application/json; charset=utf-8","vary":"X-Origin, Referer, Origin,Accept-Encoding","server":"scaffolding on HTTPServer2","x-xss-protection":"0","x-frame-options":"SAMEORIGIN","x-content-type-options":"nosniff","alt-svc":"h3=\":443\"; ma=2592000,h3-29=\":443\"; ma=2592000,h3-Q050=\":443\"; ma=2592000,h3-Q046=\":443\"; ma=2592000,h3-Q043=\":443\"; ma=2592000,quic=\":443\"; ma=2592000; v=\"46,43\"","accept-ranges":"none","transfer-encoding":"chunked"}
[debug] [2021-11-18T04:55:54.568Z] >>> [apiv2][query] GET https://firebase.googleapis.com/v1beta1/projects/iproject-msm [none]
[debug] [2021-11-18T04:55:54.949Z] <<< [apiv2][status] GET https://firebase.googleapis.com/v1beta1/projects/iproject-msm 200
[debug] [2021-11-18T04:55:54.949Z] <<< [apiv2][body] GET https://firebase.googleapis.com/v1beta1/projects/iproject-msm {"projectId":"iproject-msm","projectNumber":"659980864965","displayName":"iproject-msm","name":"projects/iproject-msm","resources":{"hostingSite":"iproject-msm"},"state":"ACTIVE"}
[info] 
=== Hosting Setup
[info] 
[info] Your public directory is the folder (relative to your project directory) that
[info] will contain Hosting assets to be uploaded with firebase deploy. If you
[info] have a build process for your assets, use your build's output directory.
[info] 
[debug] [2021-11-18T04:55:55.109Z] <<< [apiv2][status] GET https://firebase-public.firebaseio.com/cli.json 200
[debug] [2021-11-18T04:55:55.109Z] <<< [apiv2][body] GET https://firebase-public.firebaseio.com/cli.json {"cloudBuildErrorAfter":1594252800000,"cloudBuildWarnAfter":1590019200000,"defaultNode10After":1594252800000,"minVersion":"3.0.5","node8DeploysDisabledAfter":1613390400000,"node8RuntimeDisabledAfter":1615809600000,"node8WarnAfter":1600128000000}
